[2021-07-06T19:56:33.712] [INFO] node-express - Cheese is Comté.
[2021-07-06T19:56:33.722] [INFO] node-express - testing the info log here....................
[2021-07-06T19:57:00.319] [INFO] node-express - Cheese is Comté.
[2021-07-06T19:57:00.327] [INFO] node-express - testing the info log here....................
[2021-07-06T19:57:58.007] [INFO] node-express - Cheese is Comté.
[2021-07-06T19:57:58.015] [INFO] node-express - express-node-api on port 3000 at Tue Jul 06 2021 19:57:57 GMT-0500 (Central Daylight Time)
[2021-07-06T19:57:58.016] [INFO] node-express - testing the info log here....................
[2021-07-06T20:45:39.022] [INFO] node-express - Cheese is Comté.
[2021-07-06T20:45:39.029] [INFO] node-express - express-node-api on port 3000 at Tue Jul 06 2021 20:45:38 GMT-0500 (Central Daylight Time)
[2021-07-06T20:45:39.030] [INFO] node-express - testing the info log here....................
[2021-07-06T20:48:45.786] [INFO] node-express - Cheese is Comté.
[2021-07-06T20:48:45.792] [INFO] node-express - express-node-api on port 3000 at Tue Jul 06 2021 20:48:45 GMT-0500 (Central Daylight Time)
[2021-07-06T20:48:45.793] [INFO] node-express - testing the info log here....................
[2021-07-06T20:49:08.194] [INFO] node-express - Cheese is Comté.
[2021-07-06T20:49:08.200] [INFO] node-express - express-node-api on port 3000 at Tue Jul 06 2021 20:49:08 GMT-0500 (Central Daylight Time)
[2021-07-06T20:49:08.200] [INFO] node-express - testing the info log here....................
[2021-07-06T20:49:25.242] [INFO] node-express - Cheese is Comté.
[2021-07-06T20:49:25.250] [INFO] node-express - express-node-api on port 3000 at Tue Jul 06 2021 20:49:25 GMT-0500 (Central Daylight Time)
[2021-07-06T20:49:25.251] [INFO] node-express - testing the info log here....................
[2021-07-06T20:49:39.078] [INFO] node-express - Cheese is Comté.
[2021-07-06T20:49:39.084] [INFO] node-express - express-node-api on port 3000 at Tue Jul 06 2021 20:49:39 GMT-0500 (Central Daylight Time)
[2021-07-06T20:49:39.085] [INFO] node-express - testing the info log here....................
[2021-07-07T15:10:35.229] [INFO] app - testing the info log here....................
[2021-07-07T15:12:05.226] [INFO] app - testing the info log here....................
[2021-07-07T15:13:41.970] [INFO] app - express-node-api on port 3000 at Wed Jul 07 2021 15:13:41 GMT-0500 (Central Daylight Time)
[2021-07-07T15:13:41.971] [INFO] app - testing the info log here....................
[2021-07-07T15:15:43.189] [INFO] app - express-node-api on port 3000 at Wed Jul 07 2021 15:15:43 GMT-0500 (Central Daylight Time)
[2021-07-07T15:15:43.190] [INFO] app - testing the info log here....................
[2021-07-07T15:15:45.130] [INFO] app - express-node-api on port 3000 at Wed Jul 07 2021 15:15:45 GMT-0500 (Central Daylight Time)
[2021-07-07T15:16:14.766] [INFO] app - express-node-api on port 3000 at Wed Jul 07 2021 15:16:14 GMT-0500 (Central Daylight Time)
[2021-07-07T15:17:25.504] [INFO] app - express-node-api on port 3000 at Wed Jul 07 2021 15:17:25 GMT-0500 (Central Daylight Time)
[2021-07-07T15:17:43.730] [INFO] app - express-node-api on port 3000 at Wed Jul 07 2021 15:17:43 GMT-0500 (Central Daylight Time)
[2021-07-07T15:18:57.075] [INFO] app - express-node-api on port 3000 at Wed Jul 07 2021 15:18:57 GMT-0500 (Central Daylight Time)
[2021-07-07T15:23:17.486] [INFO] app - express-node-api on port 3000 at Wed Jul 07 2021 15:23:17 GMT-0500 (Central Daylight Time)
[2021-07-07T15:31:55.250] [INFO] app - express-node-api on port 3000 at Wed Jul 07 2021 15:31:55 GMT-0500 (Central Daylight Time)
[2021-07-07T20:25:52.779] [INFO] app - express-node-api on port 3000 at Wed Jul 07 2021 20:25:52 GMT-0500 (Central Daylight Time)
[2021-07-07T20:27:01.836] [INFO] app - express-node-api on port 3000 at Wed Jul 07 2021 20:27:01 GMT-0500 (Central Daylight Time)
[2021-07-07T20:29:25.469] [INFO] app - express-node-api on port 3000 at Wed Jul 07 2021 20:29:25 GMT-0500 (Central Daylight Time)
[2021-07-07T20:29:30.611] [INFO] app - express-node-api on port 3000 at Wed Jul 07 2021 20:29:30 GMT-0500 (Central Daylight Time)
